#
# A fatal error has been detected by the Java Runtime Environment:
#
#  EXCEPTION_ACCESS_VIOLATION (0xc0000005) at pc=0x00007ffb4e4080b7, pid=14816, tid=2136
#
# JRE version: Java(TM) SE Runtime Environment (14.0.2+12) (build 14.0.2+12-46)
# Java VM: Java HotSpot(TM) 64-Bit Server VM (14.0.2+12-46, mixed mode, sharing, tiered, compressed oops, g1 gc, windows-amd64)
# Problematic frame:
# C  [mswsock.dll+0x80b7]
#
# No core dump will be written. Minidumps are not enabled by default on client versions of Windows
#
# If you would like to submit a bug report, please visit:
#   https://bugreport.java.com/bugreport/crash.jsp
# The crash happened outside the Java Virtual Machine in native code.
# See problematic frame for where to report the bug.
#

---------------  S U M M A R Y ------------

Command Line: -Dcom.sun.management.jmxremote -Dcom.sun.management.jmxremote.port=57720 -Dcom.sun.management.jmxremote.authenticate=false -Dcom.sun.management.jmxremote.ssl=false -Djava.rmi.server.hostname=localhost -Dspring.jmx.enabled=true -Dspring.application.admin.enabled=true -Xverify:none -XX:TieredStopAtLevel=1 -Dspring.boot.project.name=ConfigServer -Dfile.encoding=UTF-8 com.stockchart.ConfigServerApplication

Host: Intel(R) Core(TM) i5-7200U CPU @ 2.50GHz, 4 cores, 7G,  Windows 10 , 64 bit Build 19041 (10.0.19041.292)
Time: Mon Aug 31 08:26:47 2020 India Standard Time elapsed time: 46260 seconds (0d 12h 51m 0s)

---------------  T H R E A D  ---------------

Current thread (0x00000199a02d7000):  JavaThread "RMI TCP Connection(7)-127.0.0.1" daemon [_thread_in_native, id=2136, stack(0x0000006deee00000,0x0000006deef00000)]

Stack: [0x0000006deee00000,0x0000006deef00000],  sp=0x0000006deeefe0f0,  free space=1016k
Native frames: (J=compiled Java code, j=interpreted, Vv=VM code, C=native code)
C  [mswsock.dll+0x80b7]

Java frames: (J=compiled Java code, j=interpreted, Vv=VM code)
J 5639  sun.nio.ch.Net.poll(Ljava/io/FileDescriptor;IJ)I java.base@14.0.2 (0 bytes) @ 0x000001998966908a [0x0000019989669020+0x000000000000006a]
J 5848 c1 sun.nio.ch.NioSocketImpl.timedRead(Ljava/io/FileDescriptor;[BIIJ)I java.base@14.0.2 (85 bytes) @ 0x00000199896b6f5c [0x00000199896b6de0+0x000000000000017c]
J 5649 c1 sun.nio.ch.NioSocketImpl.implRead([BII)I java.base@14.0.2 (220 bytes) @ 0x000001998966e1a4 [0x000001998966de20+0x0000000000000384]
J 5648 c1 sun.nio.ch.NioSocketImpl.read([BII)I java.base@14.0.2 (96 bytes) @ 0x000001998966d474 [0x000001998966d2c0+0x00000000000001b4]
J 5647 c1 sun.nio.ch.NioSocketImpl$1.read([BII)I java.base@14.0.2 (11 bytes) @ 0x000001998966cefc [0x000001998966cea0+0x000000000000005c]
J 5646 c1 java.net.Socket$SocketInputStream.read([BII)I java.base@14.0.2 (11 bytes) @ 0x000001998966cc04 [0x000001998966cba0+0x0000000000000064]
J 3660 c1 java.io.BufferedInputStream.fill()V java.base@14.0.2 (203 bytes) @ 0x0000019989328214 [0x0000019989327ea0+0x0000000000000374]
J 940 c1 java.io.BufferedInputStream.read()I java.base@14.0.2 (49 bytes) @ 0x0000019988ea76a4 [0x0000019988ea7540+0x0000000000000164]
J 5871 c1 java.io.FilterInputStream.read()I java.base@14.0.2 (8 bytes) @ 0x00000199896beb04 [0x00000199896beaa0+0x0000000000000064]
j  sun.rmi.transport.tcp.TCPTransport.handleMessages(Lsun/rmi/transport/Connection;Z)V+25 java.rmi@14.0.2
j  sun.rmi.transport.tcp.TCPTransport$ConnectionHandler.run0()V+522 java.rmi@14.0.2
j  sun.rmi.transport.tcp.TCPTransport$ConnectionHandler.lambda$run$0()Ljava/lang/Void;+1 java.rmi@14.0.2
j  sun.rmi.transport.tcp.TCPTransport$ConnectionHandler$$Lambda$103.run()Ljava/lang/Object;+4 java.rmi@14.0.2
J 2445 c1 java.security.AccessController.doPrivileged(Ljava/security/PrivilegedAction;Ljava/security/AccessControlContext;)Ljava/lang/Object; java.base@14.0.2 (17 bytes) @ 0x0000019989109ca4 [0x0000019989109c40+0x0000000000000064]
j  sun.rmi.transport.tcp.TCPTransport$ConnectionHandler.run()V+37 java.rmi@14.0.2
j  java.util.concurrent.ThreadPoolExecutor.runWorker(Ljava/util/concurrent/ThreadPoolExecutor$Worker;)V+92 java.base@14.0.2
j  java.util.concurrent.ThreadPoolExecutor$Worker.run()V+5 java.base@14.0.2
j  java.lang.Thread.run()V+11 java.base@14.0.2
v  ~StubRoutines::call_stub

siginfo: EXCEPTION_ACCESS_VIOLATION (0xc0000005), writing address 0x0000000000000018


Register to memory mapping:

RIP=0x00007ffb4e4080b7 mswsock.dll
RAX=0x0000000000000002 is an unknown value
RBX=0x0000000000000001 is an unknown value
RCX=0x00000199ff73c820 points into unknown readable memory: e0 29 15 51 fb 7f 00 00
RDX=0x00000199ff73c820 points into unknown readable memory: e0 29 15 51 fb 7f 00 00
RSP=0x0000006deeefe0f0 is pointing into the stack for thread: 0x00000199a02d7000
RBP=0x0000006deeefe160 is pointing into the stack for thread: 0x00000199a02d7000
RSI=0x0 is NULL
RDI=0x0 is NULL
R8 =0x0000006deeefdf58 is pointing into the stack for thread: 0x00000199a02d7000
R9 =0x0 is NULL
R10=0x0 is NULL
R11=0x0000000000000246 is an unknown value
R12=0x000000000000081c is an unknown value
R13=0x00000199a02eab50 points into unknown readable memory: 01 00 00 00 00 00 00 00
R14=0x0000000000000a00 is an unknown value
R15=0x0 is NULL


Registers:
RAX=0x0000000000000002, RBX=0x0000000000000001, RCX=0x00000199ff73c820, RDX=0x00000199ff73c820
RSP=0x0000006deeefe0f0, RBP=0x0000006deeefe160, RSI=0x0000000000000000, RDI=0x0000000000000000
R8 =0x0000006deeefdf58, R9 =0x0000000000000000, R10=0x0000000000000000, R11=0x0000000000000246
R12=0x000000000000081c, R13=0x00000199a02eab50, R14=0x0000000000000a00, R15=0x0000000000000000
RIP=0x00007ffb4e4080b7, EFLAGS=0x0000000000010246

Top of Stack: (sp=0x0000006deeefe0f0)
0x0000006deeefe0f0:   0000000000000001 00000199ff73c820
0x0000006deeefe100:   00000199fb69b390 0000000000000860
0x0000006deeefe110:   00000199a02d7000 000001999e907100
0x0000006deeefe120:   0000019900000000 fffffffffffe7960
0x0000006deeefe130:   0000000000000000 00007ffb0ab66a44
0x0000006deeefe140:   0000000000000000 0000000000000000
0x0000006deeefe150:   0000000000000000 0000006deeefe250
0x0000006deeefe160:   0000006deeefe2a0 0000006deeefe460
0x0000006deeefe170:   0000006deeefe670 000001999ebb5820
0x0000006deeefe180:   0000006deeefe520 00007ffb4e40f3ce
0x0000006deeefe190:   0000000000000afc 0000000000000001
0x0000006deeefe1a0:   0000006deeefe2b0 0000000000000000
0x0000006deeefe1b0:   0000006deeefe288 0000000000012024
0x0000006deeefe1c0:   0000006deeefe2a0 00007ffb00000030
0x0000006deeefe1d0:   0000006deeefe2a0 0000019900000030
0x0000006deeefe1e0:   000001fb00000000 0000000000000001 

Instructions: (pc=0x00007ffb4e4080b7)
0x00007ffb4e407fb7:   f6 ba 05 00 f0 83 0c 24 00 c6 05 eb ba 05 00 01
0x00007ffb4e407fc7:   48 8b 4c 24 50 48 ff 15 15 c5 04 00 0f 1f 44 00
0x00007ffb4e407fd7:   00 e9 65 ff ff ff cc cc cc cc cc cc cc cc cc cc
0x00007ffb4e407fe7:   cc cc cc cc cc cc cc cc cc 48 89 5c 24 10 48 89
0x00007ffb4e407ff7:   74 24 18 48 89 7c 24 20 48 89 4c 24 08 55 41 54
0x00007ffb4e408007:   41 55 41 56 41 57 48 8b ec 48 83 ec 70 4c 8b f1
0x00007ffb4e408017:   45 33 ff 8b 0d 20 a4 05 00 45 8b ef 41 8b f9 41
0x00007ffb4e408027:   8b d8 4c 8b e2 48 ff 15 ed c5 04 00 0f 1f 44 00
0x00007ffb4e408037:   00 44 38 3d 59 ba 05 00 48 8b f0 48 c7 45 c8 60
0x00007ffb4e408047:   79 fe ff 0f 84 10 01 00 00 65 48 8b 04 25 30 00
0x00007ffb4e408057:   00 00 4c 89 a0 38 17 00 00 8d 43 ff 83 f8 01 0f
0x00007ffb4e408067:   86 12 01 00 00 8d 47 fb 83 f8 01 0f 86 06 01 00
0x00007ffb4e408077:   00 83 fb 03 0f 85 18 01 00 00 4c 89 7d d0 4c 89
0x00007ffb4e408087:   7d e0 45 32 f6 83 ff 04 0f 85 6d 01 00 00 49 8b
0x00007ffb4e408097:   ff 4d 85 ed 0f 85 48 01 00 00 4d 85 ff 0f 85 5f
0x00007ffb4e4080a7:   03 01 00 4c 89 7d e8 45 84 f6 0f 85 68 03 01 00
0x00007ffb4e4080b7:   4c 89 66 18 33 db 4c 8b 65 30 c6 46 44 00 45 84
0x00007ffb4e4080c7:   f6 0f 85 62 03 01 00 80 7e 44 00 0f 85 6c 03 01
0x00007ffb4e4080d7:   00 81 fb 02 01 00 00 0f 84 67 03 01 00 4d 85 ff
0x00007ffb4e4080e7:   0f 85 6c 03 01 00 4c 8b c7 b2 01 49 8b cc 48 ff
0x00007ffb4e4080f7:   15 84 c8 04 00 0f 1f 44 00 00 8b d8 3d c0 00 00
0x00007ffb4e408107:   00 74 bb 3d 01 01 00 00 74 b4 3d 02 01 00 00 74
0x00007ffb4e408117:   ad 48 c7 46 18 ff ff ff ff 65 48 8b 04 25 30 00
0x00007ffb4e408127:   00 00 48 c7 80 38 17 00 00 ff ff ff ff 85 db 0f
0x00007ffb4e408137:   85 59 03 01 00 b8 01 00 00 00 4c 8d 5c 24 70 49
0x00007ffb4e408147:   8b 5b 38 49 8b 73 40 49 8b 7b 48 49 8b e3 41 5f
0x00007ffb4e408157:   41 5e 41 5d 41 5c 5d c3 cc 4c 8d 45 c8 b2 01 49
0x00007ffb4e408167:   8b ce 48 ff 15 10 c8 04 00 0f 1f 44 00 00 85 c0
0x00007ffb4e408177:   74 c3 e9 d2 fe ff ff 33 d2 49 8b cc e8 78 de ff
0x00007ffb4e408187:   ff 4c 8b e8 48 85 c0 0f 85 e4 fe ff ff e9 fd 01
0x00007ffb4e408197:   01 00 83 fb 01 74 0b 41 f6 45 44 40 0f 85 d8 fe
0x00007ffb4e4081a7:   ff ff 48 8b 05 d0 b8 05 00 4c 8d 4d c0 4c 89 7d 


Stack slot to memory mapping:
stack at sp + 0 slots: 0x0000000000000001 is an unknown value
stack at sp + 1 slots: 0x00000199ff73c820 points into unknown readable memory: e0 29 15 51 fb 7f 00 00
stack at sp + 2 slots: 0x00000199fb69b390 points into unknown readable memory: 02 00 00 00 02 02 01 00
stack at sp + 3 slots: 0x0000000000000860 is an unknown value
stack at sp + 4 slots: 0x00000199a02d7000 is a thread
stack at sp + 5 slots: 0x000001999e907100 points into unknown readable memory: 02 00 00 00 00 00 00 00
stack at sp + 6 slots: 0x0000019900000000 is an unknown value
stack at sp + 7 slots: 0xfffffffffffe7960 is an unknown value


---------------  P R O C E S S  ---------------

Threads class SMR info:
_java_thread_list=0x00000199ff2f5d70, length=38, elements={
0x00000199fe948000, 0x00000199fe94b000, 0x00000199fe966000, 0x00000199fe968800,
0x00000199fe96a000, 0x00000199fe971000, 0x00000199fe972800, 0x00000199ff352800,
0x00000199ff385800, 0x00000199ff7d9800, 0x00000199ff7e9000, 0x00000199ff806800,
0x00000199ff8a5800, 0x00000199ff8a6000, 0x00000199ff8bc800, 0x00000199ffc1b800,
0x00000199ffc1a000, 0x00000199ffc1b000, 0x000001999ed30000, 0x000001999ed2f800,
0x000001999ed31800, 0x000001999ed32800, 0x000001999ed33800, 0x000001999ed34000,
0x000001999ed35000, 0x000001999ed36000, 0x000001999ed36800, 0x000001999ed31000,
0x000001999ed3d000, 0x000001999ed38800, 0x000001999ed39000, 0x000001999ed3b800,
0x000001999ed3a000, 0x000001999ed3c800, 0x000001999ed3a800, 0x00000199a02d7000,
0x00000199a02d2000, 0x00000199a02d4800
}

Java Threads: ( => current thread )
  0x00000199fe948000 JavaThread "Reference Handler" daemon [_thread_blocked, id=14872, stack(0x0000006dec400000,0x0000006dec500000)]
  0x00000199fe94b000 JavaThread "Finalizer" daemon [_thread_blocked, id=11180, stack(0x0000006dec500000,0x0000006dec600000)]
  0x00000199fe966000 JavaThread "Signal Dispatcher" daemon [_thread_blocked, id=16160, stack(0x0000006dec600000,0x0000006dec700000)]
  0x00000199fe968800 JavaThread "Attach Listener" daemon [_thread_blocked, id=9984, stack(0x0000006dec700000,0x0000006dec800000)]
  0x00000199fe96a000 JavaThread "Service Thread" daemon [_thread_blocked, id=15376, stack(0x0000006dec800000,0x0000006dec900000)]
  0x00000199fe971000 JavaThread "C1 CompilerThread0" daemon [_thread_blocked, id=13912, stack(0x0000006dec900000,0x0000006deca00000)]
  0x00000199fe972800 JavaThread "Sweeper thread" daemon [_thread_blocked, id=11432, stack(0x0000006deca00000,0x0000006decb00000)]
  0x00000199ff352800 JavaThread "Common-Cleaner" daemon [_thread_blocked, id=14504, stack(0x0000006decb00000,0x0000006decc00000)]
  0x00000199ff385800 JavaThread "Notification Thread" daemon [_thread_blocked, id=14728, stack(0x0000006decc00000,0x0000006decd00000)]
  0x00000199ff7d9800 JavaThread "RMI TCP Accept-0" daemon [_thread_in_native, id=7540, stack(0x0000006decf00000,0x0000006ded000000)]
  0x00000199ff7e9000 JavaThread "RMI TCP Accept-57720" daemon [_thread_in_native, id=14688, stack(0x0000006ded000000,0x0000006ded100000)]
  0x00000199ff806800 JavaThread "RMI TCP Accept-0" daemon [_thread_in_native, id=10960, stack(0x0000006ded100000,0x0000006ded200000)]
  0x00000199ff8a5800 JavaThread "RMI TCP Connection(42)-127.0.0.1" daemon [_thread_in_native, id=4492, stack(0x0000006ded400000,0x0000006ded500000)]
  0x00000199ff8a6000 JavaThread "RMI Scheduler(0)" daemon [_thread_blocked, id=12276, stack(0x0000006ded500000,0x0000006ded600000)]
  0x00000199ff8bc800 JavaThread "JMX server connection timeout 20" daemon [_thread_blocked, id=4744, stack(0x0000006ded600000,0x0000006ded700000)]
  0x00000199ffc1b800 JavaThread "Catalina-utility-1" [_thread_blocked, id=12220, stack(0x0000006deda00000,0x0000006dedb00000)]
  0x00000199ffc1a000 JavaThread "Catalina-utility-2" [_thread_blocked, id=15584, stack(0x0000006dedb00000,0x0000006dedc00000)]
  0x00000199ffc1b000 JavaThread "container-0" [_thread_blocked, id=15416, stack(0x0000006dedc00000,0x0000006dedd00000)]
  0x000001999ed30000 JavaThread "File Watcher" daemon [_thread_blocked, id=13848, stack(0x0000006dedd00000,0x0000006dede00000)]
  0x000001999ed2f800 JavaThread "spring.cloud.inetutils" daemon [_thread_blocked, id=14568, stack(0x0000006dede00000,0x0000006dedf00000)]
  0x000001999ed31800 JavaThread "http-nio-8000-BlockPoller" daemon [_thread_in_native, id=15388, stack(0x0000006dedf00000,0x0000006dee000000)]
  0x000001999ed32800 JavaThread "http-nio-8000-exec-1" daemon [_thread_blocked, id=11964, stack(0x0000006dee000000,0x0000006dee100000)]
  0x000001999ed33800 JavaThread "http-nio-8000-exec-2" daemon [_thread_blocked, id=10744, stack(0x0000006dee100000,0x0000006dee200000)]
  0x000001999ed34000 JavaThread "http-nio-8000-exec-3" daemon [_thread_blocked, id=11036, stack(0x0000006dee200000,0x0000006dee300000)]
  0x000001999ed35000 JavaThread "http-nio-8000-exec-4" daemon [_thread_blocked, id=12456, stack(0x0000006dee300000,0x0000006dee400000)]
  0x000001999ed36000 JavaThread "http-nio-8000-exec-5" daemon [_thread_blocked, id=16176, stack(0x0000006dee400000,0x0000006dee500000)]
  0x000001999ed36800 JavaThread "http-nio-8000-exec-6" daemon [_thread_blocked, id=4764, stack(0x0000006dee500000,0x0000006dee600000)]
  0x000001999ed31000 JavaThread "http-nio-8000-exec-7" daemon [_thread_blocked, id=10832, stack(0x0000006dee600000,0x0000006dee700000)]
  0x000001999ed3d000 JavaThread "http-nio-8000-exec-8" daemon [_thread_blocked, id=13500, stack(0x0000006dee700000,0x0000006dee800000)]
  0x000001999ed38800 JavaThread "http-nio-8000-exec-9" daemon [_thread_blocked, id=13072, stack(0x0000006dee800000,0x0000006dee900000)]
  0x000001999ed39000 JavaThread "http-nio-8000-exec-10" daemon [_thread_blocked, id=15164, stack(0x0000006dee900000,0x0000006deea00000)]
  0x000001999ed3b800 JavaThread "http-nio-8000-ClientPoller" daemon [_thread_in_native, id=14820, stack(0x0000006deea00000,0x0000006deeb00000)]
  0x000001999ed3a000 JavaThread "http-nio-8000-Acceptor" daemon [_thread_in_native, id=15580, stack(0x0000006deeb00000,0x0000006deec00000)]
  0x000001999ed3c800 JavaThread "registrationTask1" [_thread_in_native, id=15664, stack(0x0000006deec00000,0x0000006deed00000)]
  0x000001999ed3a800 JavaThread "DestroyJavaVM" [_thread_blocked, id=1900, stack(0x0000006debd00000,0x0000006debe00000)]
=>0x00000199a02d7000 JavaThread "RMI TCP Connection(7)-127.0.0.1" daemon [_thread_in_native, id=2136, stack(0x0000006deee00000,0x0000006deef00000)]
  0x00000199a02d2000 JavaThread "JMX server connection timeout 61" daemon [_thread_blocked, id=14476, stack(0x0000006def100000,0x0000006def200000)]
  0x00000199a02d4800 JavaThread "JGit-WorkQueue" daemon [_thread_blocked, id=13480, stack(0x0000006ded800000,0x0000006ded900000)]

Other Threads:
  0x00000199fe945800 VMThread "VM Thread" [stack: 0x0000006dec300000,0x0000006dec400000] [id=2200]
  0x00000199ff80f800 WatcherThread [stack: 0x0000006ded200000,0x0000006ded300000] [id=15116]
  0x00000199fb8ca000 GCTaskThread "GC Thread#0" [stack: 0x0000006debe00000,0x0000006debf00000] [id=2704]
  0x00000199ff7a5800 GCTaskThread "GC Thread#1" [stack: 0x0000006decd00000,0x0000006dece00000] [id=14848]
  0x00000199ff7a6000 GCTaskThread "GC Thread#2" [stack: 0x0000006dece00000,0x0000006decf00000] [id=8024]
  0x00000199ffc4c800 GCTaskThread "GC Thread#3" [stack: 0x0000006ded900000,0x0000006deda00000] [id=3184]
  0x00000199fb8dc000 ConcurrentGCThread "G1 Main Marker" [stack: 0x0000006debf00000,0x0000006dec000000] [id=14176]
  0x00000199fb8dd000 ConcurrentGCThread "G1 Conc#0" [stack: 0x0000006dec000000,0x0000006dec100000] [id=5636]
  0x00000199fb957800 ConcurrentGCThread "G1 Refine#0" [stack: 0x0000006dec100000,0x0000006dec200000] [id=15804]
  0x00000199ffb49800 ConcurrentGCThread "G1 Refine#1" [stack: 0x0000006def300000,0x0000006def400000] [id=15636]
  0x00000199fe7c1800 ConcurrentGCThread "G1 Young RemSet Sampling" [stack: 0x0000006dec200000,0x0000006dec300000] [id=14908]

Threads with active compile tasks:

VM state:not at safepoint (normal execution)

VM Mutex/Monitor currently owned by a thread: None

Heap address: 0x0000000082600000, size: 2010 MB, Compressed Oops mode: 32-bit
Narrow klass base: 0x0000000800000000, Narrow klass shift: 3
Compressed class space size: 1073741824 Address: 0x0000000800b30000

Heap:
 garbage-first heap   total 73728K, used 53278K [0x0000000082600000, 0x0000000100000000)
  region size 1024K, 25 young (25600K), 1 survivors (1024K)
 Metaspace       used 44046K, capacity 45675K, committed 45776K, reserved 1089536K
  class space    used 5997K, capacity 6607K, committed 6656K, reserved 1048576K
Heap Regions: E=young(eden), S=young(survivor), O=old, HS=humongous(starts), HC=humongous(continues), CS=collection set, F=free, OA=open archive, CA=closed archive, TAMS=top-at-mark-start (previous, next)
|   0|0x0000000082600000, 0x0000000082700000, 0x0000000082700000|100%| O|  |TAMS 0x0000000082700000, 0x0000000082600000| Untracked 
|   1|0x0000000082700000, 0x0000000082800000, 0x0000000082800000|100%| O|  |TAMS 0x0000000082800000, 0x0000000082700000| Untracked 
|   2|0x0000000082800000, 0x0000000082900000, 0x0000000082900000|100%| O|  |TAMS 0x0000000082900000, 0x0000000082800000| Untracked 
|   3|0x0000000082900000, 0x0000000082a00000, 0x0000000082a00000|100%| O|  |TAMS 0x0000000082a00000, 0x0000000082900000| Untracked 
|   4|0x0000000082a00000, 0x0000000082a90c00, 0x0000000082b00000| 56%| O|  |TAMS 0x0000000082a90c00, 0x0000000082a00000| Untracked 
|   5|0x0000000082b00000, 0x0000000082c00000, 0x0000000082c00000|100%| O|  |TAMS 0x0000000082c00000, 0x0000000082b00000| Untracked 
|   6|0x0000000082c00000, 0x0000000082d00000, 0x0000000082d00000|100%| O|  |TAMS 0x0000000082d00000, 0x0000000082c00000| Untracked 
|   7|0x0000000082d00000, 0x0000000082e00000, 0x0000000082e00000|100%| O|  |TAMS 0x0000000082e00000, 0x0000000082d00000| Untracked 
|   8|0x0000000082e00000, 0x0000000082f00000, 0x0000000082f00000|100%| O|  |TAMS 0x0000000082f00000, 0x0000000082e00000| Untracked 
|   9|0x0000000082f00000, 0x0000000083000000, 0x0000000083000000|100%| O|  |TAMS 0x0000000083000000, 0x0000000082f00000| Untracked 
|  10|0x0000000083000000, 0x0000000083100000, 0x0000000083100000|100%| O|  |TAMS 0x0000000083100000, 0x0000000083000000| Untracked 
|  11|0x0000000083100000, 0x0000000083200000, 0x0000000083200000|100%| O|  |TAMS 0x0000000083200000, 0x0000000083100000| Untracked 
|  12|0x0000000083200000, 0x0000000083300000, 0x0000000083300000|100%| O|  |TAMS 0x0000000083300000, 0x0000000083200000| Untracked 
|  13|0x0000000083300000, 0x0000000083400000, 0x0000000083400000|100%| O|  |TAMS 0x0000000083400000, 0x0000000083300000| Untracked 
|  14|0x0000000083400000, 0x0000000083500000, 0x0000000083500000|100%| O|  |TAMS 0x0000000083500000, 0x0000000083400000| Untracked 
|  15|0x0000000083500000, 0x0000000083600000, 0x0000000083600000|100%| O|  |TAMS 0x0000000083600000, 0x0000000083500000| Untracked 
|  16|0x0000000083600000, 0x0000000083700000, 0x0000000083700000|100%| O|  |TAMS 0x0000000083700000, 0x0000000083600000| Untracked 
|  17|0x0000000083700000, 0x0000000083800000, 0x0000000083800000|100%| O|  |TAMS 0x0000000083800000, 0x0000000083700000| Untracked 
|  18|0x0000000083800000, 0x0000000083900000, 0x0000000083900000|100%| O|  |TAMS 0x0000000083900000, 0x0000000083800000| Untracked 
|  19|0x0000000083900000, 0x0000000083a00000, 0x0000000083a00000|100%| O|  |TAMS 0x0000000083a00000, 0x0000000083900000| Untracked 
|  20|0x0000000083a00000, 0x0000000083b00000, 0x0000000083b00000|100%| O|  |TAMS 0x0000000083b00000, 0x0000000083a00000| Untracked 
|  21|0x0000000083b00000, 0x0000000083c00000, 0x0000000083c00000|100%| O|  |TAMS 0x0000000083b82e00, 0x0000000083b00000| Untracked 
|  22|0x0000000083c00000, 0x0000000083d00000, 0x0000000083d00000|100%| O|  |TAMS 0x0000000083c00000, 0x0000000083c00000| Untracked 
|  23|0x0000000083d00000, 0x0000000083e00000, 0x0000000083e00000|100%| O|  |TAMS 0x0000000083d00000, 0x0000000083d00000| Untracked 
|  24|0x0000000083e00000, 0x0000000083f00000, 0x0000000083f00000|100%| O|  |TAMS 0x0000000083e00000, 0x0000000083e00000| Untracked 
|  25|0x0000000083f00000, 0x0000000084000000, 0x0000000084000000|100%| O|  |TAMS 0x0000000083f00000, 0x0000000083f00000| Untracked 
|  26|0x0000000084000000, 0x0000000084100000, 0x0000000084100000|100%| O|  |TAMS 0x0000000084000000, 0x0000000084000000| Untracked 
|  27|0x0000000084100000, 0x0000000084200000, 0x0000000084200000|100%| O|  |TAMS 0x0000000084100000, 0x0000000084100000| Untracked 
|  28|0x0000000084200000, 0x0000000084300000, 0x0000000084300000|100%| O|  |TAMS 0x0000000084200000, 0x0000000084200000| Untracked 
|  29|0x0000000084300000, 0x000000008435e400, 0x0000000084400000| 36%| O|  |TAMS 0x0000000084300000, 0x0000000084300000| Untracked 
|  30|0x0000000084400000, 0x0000000084400000, 0x0000000084500000|  0%| F|  |TAMS 0x0000000084400000, 0x0000000084400000| Untracked 
|  31|0x0000000084500000, 0x0000000084500000, 0x0000000084600000|  0%| F|  |TAMS 0x0000000084500000, 0x0000000084500000| Untracked 
|  32|0x0000000084600000, 0x0000000084600000, 0x0000000084700000|  0%| F|  |TAMS 0x0000000084600000, 0x0000000084600000| Untracked 
|  33|0x0000000084700000, 0x0000000084700000, 0x0000000084800000|  0%| F|  |TAMS 0x0000000084700000, 0x0000000084700000| Untracked 
|  34|0x0000000084800000, 0x0000000084800000, 0x0000000084900000|  0%| F|  |TAMS 0x0000000084800000, 0x0000000084800000| Untracked 
|  35|0x0000000084900000, 0x0000000084900000, 0x0000000084a00000|  0%| F|  |TAMS 0x0000000084900000, 0x0000000084900000| Untracked 
|  36|0x0000000084a00000, 0x0000000084a00000, 0x0000000084b00000|  0%| F|  |TAMS 0x0000000084a00000, 0x0000000084a00000| Untracked 
|  37|0x0000000084b00000, 0x0000000084b00000, 0x0000000084c00000|  0%| F|  |TAMS 0x0000000084b00000, 0x0000000084b00000| Untracked 
|  38|0x0000000084c00000, 0x0000000084c00000, 0x0000000084d00000|  0%| F|  |TAMS 0x0000000084c00000, 0x0000000084c00000| Untracked 
|  39|0x0000000084d00000, 0x0000000084d18930, 0x0000000084e00000|  9%| S|CS|TAMS 0x0000000084d00000, 0x0000000084d00000| Complete 
|  40|0x0000000084e00000, 0x0000000084e00000, 0x0000000084f00000|  0%| F|  |TAMS 0x0000000084e00000, 0x0000000084e00000| Untracked 
|  41|0x0000000084f00000, 0x0000000084f00000, 0x0000000085000000|  0%| F|  |TAMS 0x0000000084f00000, 0x0000000084f00000| Untracked 
|  42|0x0000000085000000, 0x0000000085000000, 0x0000000085100000|  0%| F|  |TAMS 0x0000000085000000, 0x0000000085000000| Untracked 
|  43|0x0000000085100000, 0x0000000085100000, 0x0000000085200000|  0%| F|  |TAMS 0x0000000085100000, 0x0000000085100000| Untracked 
|  44|0x0000000085200000, 0x0000000085200000, 0x0000000085300000|  0%| F|  |TAMS 0x0000000085200000, 0x0000000085200000| Untracked 
|  45|0x0000000085300000, 0x0000000085300000, 0x0000000085400000|  0%| F|  |TAMS 0x0000000085300000, 0x0000000085300000| Untracked 
|  46|0x0000000085400000, 0x0000000085400000, 0x0000000085500000|  0%| F|  |TAMS 0x0000000085400000, 0x0000000085400000| Untracked 
|  47|0x0000000085500000, 0x0000000085500000, 0x0000000085600000|  0%| F|  |TAMS 0x0000000085500000, 0x0000000085500000| Untracked 
|  48|0x0000000085600000, 0x000000008569cc58, 0x0000000085700000| 61%| E|  |TAMS 0x0000000085600000, 0x0000000085600000| Complete 
|  49|0x0000000085700000, 0x0000000085800000, 0x0000000085800000|100%| E|CS|TAMS 0x0000000085700000, 0x0000000085700000| Complete 
|  50|0x0000000085800000, 0x0000000085900000, 0x0000000085900000|100%| E|CS|TAMS 0x0000000085800000, 0x0000000085800000| Complete 
|  51|0x0000000085900000, 0x0000000085a00000, 0x0000000085a00000|100%| E|CS|TAMS 0x0000000085900000, 0x0000000085900000| Complete 
|  52|0x0000000085a00000, 0x0000000085b00000, 0x0000000085b00000|100%| E|CS|TAMS 0x0000000085a00000, 0x0000000085a00000| Complete 
|  53|0x0000000085b00000, 0x0000000085c00000, 0x0000000085c00000|100%| E|CS|TAMS 0x0000000085b00000, 0x0000000085b00000| Complete 
|  54|0x0000000085c00000, 0x0000000085d00000, 0x0000000085d00000|100%| E|CS|TAMS 0x0000000085c00000, 0x0000000085c00000| Complete 
|  55|0x0000000085d00000, 0x0000000085e00000, 0x0000000085e00000|100%| E|CS|TAMS 0x0000000085d00000, 0x0000000085d00000| Complete 
|  56|0x0000000085e00000, 0x0000000085f00000, 0x0000000085f00000|100%| E|CS|TAMS 0x0000000085e00000, 0x0000000085e00000| Complete 
|  57|0x0000000085f00000, 0x0000000086000000, 0x0000000086000000|100%| E|CS|TAMS 0x0000000085f00000, 0x0000000085f00000| Complete 
|  58|0x0000000086000000, 0x0000000086100000, 0x0000000086100000|100%| E|CS|TAMS 0x0000000086000000, 0x0000000086000000| Complete 
|  59|0x0000000086100000, 0x0000000086200000, 0x0000000086200000|100%| E|CS|TAMS 0x0000000086100000, 0x0000000086100000| Complete 
|  60|0x0000000086200000, 0x0000000086300000, 0x0000000086300000|100%| E|CS|TAMS 0x0000000086200000, 0x0000000086200000| Complete 
|  61|0x0000000086300000, 0x0000000086400000, 0x0000000086400000|100%| E|CS|TAMS 0x0000000086300000, 0x0000000086300000| Complete 
|  72|0x0000000086e00000, 0x0000000086f00000, 0x0000000086f00000|100%| E|CS|TAMS 0x0000000086e00000, 0x0000000086e00000| Complete 
|  73|0x0000000086f00000, 0x0000000087000000, 0x0000000087000000|100%| E|CS|TAMS 0x0000000086f00000, 0x0000000086f00000| Complete 
|  74|0x0000000087000000, 0x0000000087100000, 0x0000000087100000|100%| E|CS|TAMS 0x0000000087000000, 0x0000000087000000| Complete 
|  75|0x0000000087100000, 0x0000000087200000, 0x0000000087200000|100%| E|CS|TAMS 0x0000000087100000, 0x0000000087100000| Complete 
|  76|0x0000000087200000, 0x0000000087300000, 0x0000000087300000|100%| E|CS|TAMS 0x0000000087200000, 0x0000000087200000| Complete 
|  77|0x0000000087300000, 0x0000000087400000, 0x0000000087400000|100%| E|CS|TAMS 0x0000000087300000, 0x0000000087300000| Complete 
|  78|0x0000000087400000, 0x0000000087500000, 0x0000000087500000|100%| E|CS|TAMS 0x0000000087400000, 0x0000000087400000| Complete 
|  79|0x0000000087500000, 0x0000000087600000, 0x0000000087600000|100%| E|CS|TAMS 0x0000000087500000, 0x0000000087500000| Complete 
|  80|0x0000000087600000, 0x0000000087700000, 0x0000000087700000|100%| E|CS|TAMS 0x0000000087600000, 0x0000000087600000| Complete 
| 151|0x000000008bd00000, 0x000000008be00000, 0x000000008be00000|100%| E|CS|TAMS 0x000000008bd00000, 0x000000008bd00000| Complete 

Card table byte_map: [0x00000199fdb90000,0x00000199fdf80000] _byte_map_base: 0x00000199fd77d000

Marking Bits (Prev, Next): (CMBitMap*) 0x00000199fb8cabc8, (CMBitMap*) 0x00000199fb8cab88
 Prev Bits: [0x0000019999640000, 0x000001999b5a8000)
 Next Bits: [0x00000199976d0000, 0x0000019999638000)

Polling page: 0x00000199fb670000

Metaspace:

Usage:
  Non-class:     38.15 MB capacity,    37.16 MB ( 97%) used,   840.14 KB (  2%) free+waste,   179.19 KB ( <1%) overhead. 
      Class:      6.45 MB capacity,     5.86 MB ( 91%) used,   519.96 KB (  8%) free+waste,    89.56 KB (  1%) overhead. 
       Both:     44.60 MB capacity,    43.01 MB ( 96%) used,     1.33 MB (  3%) free+waste,   268.75 KB ( <1%) overhead. 

Virtual space:
  Non-class space:       40.00 MB reserved,      38.20 MB ( 96%) committed 
      Class space:        1.00 GB reserved,       6.50 MB ( <1%) committed 
             Both:        1.04 GB reserved,      44.70 MB (  4%) committed 

Chunk freelists:
   Non-Class:  52.00 KB
       Class:  0 bytes
        Both:  52.00 KB

MaxMetaspaceSize: 17179869184.00 GB
CompressedClassSpaceSize: 1.00 GB

CodeHeap 'non-profiled nmethods': size=238912Kb used=15151Kb max_used=15151Kb free=223760Kb
 bounds [0x0000019988d80000, 0x0000019989c50000, 0x00000199976d0000]
CodeHeap 'non-nmethods': size=6848Kb used=1283Kb max_used=1283Kb free=5564Kb
 bounds [0x00000199886d0000, 0x0000019988940000, 0x0000019988d80000]
 total_blobs=9574 nmethods=9005 adapters=494
 compilation: enabled
              stopped_count=0, restarted_count=0
 full_count=0

Compilation events (20 events):
Event: 12807.271 Thread 0x00000199fe971000 8974       1       org.apache.tomcat.util.http.parser.HttpParser::readHostDomainName (41 bytes)
Event: 12807.271 Thread 0x00000199fe971000 nmethod 8974 0x0000019989c41010 code [0x0000019989c411c0, 0x0000019989c41318]
Event: 12817.065 Thread 0x00000199fe971000 8976       1       org.springframework.util.AntPathMatcher::skipSegment (75 bytes)
Event: 12817.066 Thread 0x00000199fe971000 nmethod 8976 0x0000019989c41410 code [0x0000019989c41600, 0x0000019989c41a68]
Event: 12817.066 Thread 0x00000199fe971000 8975       1       org.springframework.util.AntPathMatcher::skipSeparator (30 bytes)
Event: 12817.066 Thread 0x00000199fe971000 nmethod 8975 0x0000019989c41d90 code [0x0000019989c41f40, 0x0000019989c420a8]
Event: 12817.066 Thread 0x00000199fe971000 8977       1       org.springframework.util.AntPathMatcher::matchStrings (11 bytes)
Event: 12817.067 Thread 0x00000199fe971000 nmethod 8977 0x0000019989c42210 code [0x0000019989c423c0, 0x0000019989c424f8]
Event: 12817.067 Thread 0x00000199fe971000 8978       1       org.springframework.util.AntPathMatcher::getStringMatcher (98 bytes)
Event: 12817.067 Thread 0x00000199fe971000 nmethod 8978 0x0000019989c42610 code [0x0000019989c42800, 0x0000019989c42bd8]
Event: 12817.067 Thread 0x00000199fe971000 8979       1       org.springframework.util.AntPathMatcher$AntPathStringMatcher::matchStrings (130 bytes)
Event: 12817.068 Thread 0x00000199fe971000 nmethod 8979 0x0000019989c42d90 code [0x0000019989c42fe0, 0x0000019989c43648]
Event: 12818.252 Thread 0x00000199fe971000 8980       1       sun.security.ssl.SupportedGroupsExtension$CHSupportedGroupsProducer::produce (340 bytes)
Event: 12818.253 Thread 0x00000199fe971000 nmethod 8980 0x0000019989c43a90 code [0x0000019989c43da0, 0x0000019989c44d18]
Event: 12818.297 Thread 0x00000199fe971000 8981       1       sun.security.util.math.intpoly.IntegerPolynomial::finalReduce (147 bytes)
Event: 12818.298 Thread 0x00000199fe971000 nmethod 8981 0x0000019989c45690 code [0x0000019989c45860, 0x0000019989c45bf8]
Event: 12818.673 Thread 0x00000199fe971000 8982       1       java.util.TimeZone::getID (5 bytes)
Event: 12818.673 Thread 0x00000199fe971000 nmethod 8982 0x0000019989c45e90 code [0x0000019989c46020, 0x0000019989c460f8]
Event: 46254.511 Thread 0x00000199fe971000 8983       1       org.apache.tomcat.util.net.AbstractEndpoint::getExecutor (5 bytes)
Event: 46254.511 Thread 0x00000199fe971000 nmethod 8983 0x0000019989c46190 code [0x0000019989c46320, 0x0000019989c463f8]

GC Heap History (20 events):
Event: 858.290 GC heap before
{Heap before GC invocations=23 (full 0):
 garbage-first heap   total 73728K, used 59786K [0x0000000082600000, 0x0000000100000000)
  region size 1024K, 31 young (31744K), 1 survivors (1024K)
 Metaspace       used 43714K, capacity 45409K, committed 45520K, reserved 1087488K
  class space    used 5992K, capacity 6606K, committed 6656K, reserved 1048576K
}
Event: 858.296 GC heap after
{Heap after GC invocations=24 (full 0):
 garbage-first heap   total 73728K, used 30076K [0x0000000082600000, 0x0000000100000000)
  region size 1024K, 1 young (1024K), 1 survivors (1024K)
 Metaspace       used 43714K, capacity 45409K, committed 45520K, reserved 1087488K
  class space    used 5992K, capacity 6606K, committed 6656K, reserved 1048576K
}
Event: 1018.177 GC heap before
{Heap before GC invocations=24 (full 0):
 garbage-first heap   total 73728K, used 60796K [0x0000000082600000, 0x0000000100000000)
  region size 1024K, 31 young (31744K), 1 survivors (1024K)
 Metaspace       used 43724K, capacity 45409K, committed 45520K, reserved 1087488K
  class space    used 5993K, capacity 6606K, committed 6656K, reserved 1048576K
}
Event: 1018.183 GC heap after
{Heap after GC invocations=25 (full 0):
 garbage-first heap   total 73728K, used 30146K [0x0000000082600000, 0x0000000100000000)
  region size 1024K, 1 young (1024K), 1 survivors (1024K)
 Metaspace       used 43724K, capacity 45409K, committed 45520K, reserved 1087488K
  class space    used 5993K, capacity 6606K, committed 6656K, reserved 1048576K
}
Event: 1178.111 GC heap before
{Heap before GC invocations=25 (full 0):
 garbage-first heap   total 73728K, used 60866K [0x0000000082600000, 0x0000000100000000)
  region size 1024K, 31 young (31744K), 1 survivors (1024K)
 Metaspace       used 43725K, capacity 45409K, committed 45520K, reserved 1087488K
  class space    used 5993K, capacity 6606K, committed 6656K, reserved 1048576K
}
Event: 1178.113 GC heap after
{Heap after GC invocations=26 (full 0):
 garbage-first heap   total 73728K, used 30072K [0x0000000082600000, 0x0000000100000000)
  region size 1024K, 1 young (1024K), 1 survivors (1024K)
 Metaspace       used 43725K, capacity 45409K, committed 45520K, reserved 1087488K
  class space    used 5993K, capacity 6606K, committed 6656K, reserved 1048576K
}
Event: 1322.622 GC heap before
{Heap before GC invocations=26 (full 0):
 garbage-first heap   total 73728K, used 60792K [0x0000000082600000, 0x0000000100000000)
  region size 1024K, 32 young (32768K), 1 survivors (1024K)
 Metaspace       used 43725K, capacity 45409K, committed 45520K, reserved 1087488K
  class space    used 5993K, capacity 6606K, committed 6656K, reserved 1048576K
}
Event: 1322.629 GC heap after
{Heap after GC invocations=27 (full 0):
 garbage-first heap   total 73728K, used 30081K [0x0000000082600000, 0x0000000100000000)
  region size 1024K, 1 young (1024K), 1 survivors (1024K)
 Metaspace       used 43725K, capacity 45409K, committed 45520K, reserved 1087488K
  class space    used 5993K, capacity 6606K, committed 6656K, reserved 1048576K
}
Event: 1478.494 GC heap before
{Heap before GC invocations=27 (full 0):
 garbage-first heap   total 73728K, used 60801K [0x0000000082600000, 0x0000000100000000)
  region size 1024K, 32 young (32768K), 1 survivors (1024K)
 Metaspace       used 43726K, capacity 45409K, committed 45520K, reserved 1087488K
  class space    used 5993K, capacity 6606K, committed 6656K, reserved 1048576K
}
Event: 1478.501 GC heap after
{Heap after GC invocations=28 (full 0):
 garbage-first heap   total 73728K, used 30110K [0x0000000082600000, 0x0000000100000000)
  region size 1024K, 1 young (1024K), 1 survivors (1024K)
 Metaspace       used 43726K, capacity 45409K, committed 45520K, reserved 1087488K
  class space    used 5993K, capacity 6606K, committed 6656K, reserved 1048576K
}
Event: 1638.173 GC heap before
{Heap before GC invocations=28 (full 0):
 garbage-first heap   total 73728K, used 60830K [0x0000000082600000, 0x0000000100000000)
  region size 1024K, 32 young (32768K), 1 survivors (1024K)
 Metaspace       used 43726K, capacity 45409K, committed 45520K, reserved 1087488K
  class space    used 5993K, capacity 6606K, committed 6656K, reserved 1048576K
}
Event: 1638.180 GC heap after
{Heap after GC invocations=29 (full 0):
 garbage-first heap   total 73728K, used 30155K [0x0000000082600000, 0x0000000100000000)
  region size 1024K, 1 young (1024K), 1 survivors (1024K)
 Metaspace       used 43726K, capacity 45409K, committed 45520K, reserved 1087488K
  class space    used 5993K, capacity 6606K, committed 6656K, reserved 1048576K
}
Event: 1798.221 GC heap before
{Heap before GC invocations=29 (full 0):
 garbage-first heap   total 73728K, used 61899K [0x0000000082600000, 0x0000000100000000)
  region size 1024K, 32 young (32768K), 1 survivors (1024K)
 Metaspace       used 43755K, capacity 45477K, committed 45776K, reserved 1089536K
  class space    used 5993K, capacity 6607K, committed 6656K, reserved 1048576K
}
Event: 1798.228 GC heap after
{Heap after GC invocations=30 (full 0):
 garbage-first heap   total 73728K, used 30169K [0x0000000082600000, 0x0000000100000000)
  region size 1024K, 1 young (1024K), 1 survivors (1024K)
 Metaspace       used 43755K, capacity 45477K, committed 45776K, reserved 1089536K
  class space    used 5993K, capacity 6607K, committed 6656K, reserved 1048576K
}
Event: 1958.224 GC heap before
{Heap before GC invocations=30 (full 0):
 garbage-first heap   total 73728K, used 61913K [0x0000000082600000, 0x0000000100000000)
  region size 1024K, 32 young (32768K), 1 survivors (1024K)
 Metaspace       used 43755K, capacity 45477K, committed 45776K, reserved 1089536K
  class space    used 5993K, capacity 6607K, committed 6656K, reserved 1048576K
}
Event: 1958.230 GC heap after
{Heap after GC invocations=31 (full 0):
 garbage-first heap   total 73728K, used 30191K [0x0000000082600000, 0x0000000100000000)
  region size 1024K, 1 young (1024K), 1 survivors (1024K)
 Metaspace       used 43755K, capacity 45477K, committed 45776K, reserved 1089536K
  class space    used 5993K, capacity 6607K, committed 6656K, reserved 1048576K
}
Event: 12803.894 GC heap before
{Heap before GC invocations=31 (full 0):
 garbage-first heap   total 73728K, used 61935K [0x0000000082600000, 0x0000000100000000)
  region size 1024K, 32 young (32768K), 1 survivors (1024K)
 Metaspace       used 44036K, capacity 45675K, committed 45776K, reserved 1089536K
  class space    used 5993K, capacity 6607K, committed 6656K, reserved 1048576K
}
Event: 12803.896 GC heap after
{Heap after GC invocations=32 (full 0):
 garbage-first heap   total 73728K, used 29907K [0x0000000082600000, 0x0000000100000000)
  region size 1024K, 1 young (1024K), 1 survivors (1024K)
 Metaspace       used 44036K, capacity 45675K, committed 45776K, reserved 1089536K
  class space    used 5993K, capacity 6607K, committed 6656K, reserved 1048576K
}
Event: 12804.564 GC heap before
{Heap before GC invocations=32 (full 0):
 garbage-first heap   total 73728K, used 61651K [0x0000000082600000, 0x0000000100000000)
  region size 1024K, 32 young (32768K), 1 survivors (1024K)
 Metaspace       used 44036K, capacity 45675K, committed 45776K, reserved 1089536K
  class space    used 5993K, capacity 6607K, committed 6656K, reserved 1048576K
}
Event: 12804.566 GC heap after
{Heap after GC invocations=33 (full 0):
 garbage-first heap   total 73728K, used 29730K [0x0000000082600000, 0x0000000100000000)
  region size 1024K, 1 young (1024K), 1 survivors (1024K)
 Metaspace       used 44036K, capacity 45675K, committed 45776K, reserved 1089536K
  class space    used 5993K, capacity 6607K, committed 6656K, reserved 1048576K
}

Deoptimization events (4 events):
Event: 3.477 Thread 0x00000199ffc19000 DEOPT PACKING pc=0x000001998904d773 sp=0x0000006ded8f4b30
Event: 3.477 Thread 0x00000199ffc19000 DEOPT UNPACKING pc=0x000001998871964e sp=0x0000006ded8f4038 mode 3
Event: 4.336 Thread 0x000001999ed3c800 DEOPT PACKING pc=0x0000019988ed2de4 sp=0x0000006deecfd470
Event: 4.336 Thread 0x000001999ed3c800 DEOPT UNPACKING pc=0x000001998871964e sp=0x0000006deecfc998 mode 0

Classes unloaded (0 events):
No events

Classes redefined (0 events):
No events

Internal exceptions (20 events):
Event: 12817.578 Thread 0x000001999ed36000 Exception <a 'java/io/FileNotFoundException'{0x0000000085af45e8}> (0x0000000085af45e8) 
thrown [./open/src/hotspot/share/prims/jni.cpp, line 599]
Event: 12817.578 Thread 0x000001999ed36000 Exception <a 'sun/nio/fs/WindowsException'{0x0000000085af5638}> (0x0000000085af5638) 
thrown [./open/src/hotspot/share/prims/jni.cpp, line 599]
Event: 12817.579 Thread 0x000001999ed36000 Exception <a 'java/io/FileNotFoundException'{0x0000000085af6208}> (0x0000000085af6208) 
thrown [./open/src/hotspot/share/prims/jni.cpp, line 599]
Event: 12817.579 Thread 0x000001999ed36000 Exception <a 'sun/nio/fs/WindowsException'{0x0000000085af7268}> (0x0000000085af7268) 
thrown [./open/src/hotspot/share/prims/jni.cpp, line 599]
Event: 12817.579 Thread 0x000001999ed36000 Exception <a 'java/io/FileNotFoundException'{0x0000000085af7e38}> (0x0000000085af7e38) 
thrown [./open/src/hotspot/share/prims/jni.cpp, line 599]
Event: 12817.579 Thread 0x000001999ed36000 Exception <a 'sun/nio/fs/WindowsException'{0x0000000085af8ec8}> (0x0000000085af8ec8) 
thrown [./open/src/hotspot/share/prims/jni.cpp, line 599]
Event: 12817.580 Thread 0x000001999ed36000 Exception <a 'java/io/FileNotFoundException'{0x0000000085af9a98}> (0x0000000085af9a98) 
thrown [./open/src/hotspot/share/prims/jni.cpp, line 599]
Event: 12817.580 Thread 0x000001999ed36000 Exception <a 'sun/nio/fs/WindowsException'{0x0000000085afa8b0}> (0x0000000085afa8b0) 
thrown [./open/src/hotspot/share/prims/jni.cpp, line 599]
Event: 12817.580 Thread 0x000001999ed36000 Exception <a 'sun/nio/fs/WindowsException'{0x0000000085afb4b0}> (0x0000000085afb4b0) 
thrown [./open/src/hotspot/share/prims/jni.cpp, line 599]
Event: 12817.580 Thread 0x000001999ed36000 Exception <a 'sun/nio/fs/WindowsException'{0x0000000085afc500}> (0x0000000085afc500) 
thrown [./open/src/hotspot/share/prims/jni.cpp, line 599]
Event: 12817.580 Thread 0x000001999ed36000 Exception <a 'java/io/FileNotFoundException'{0x0000000085afd0d0}> (0x0000000085afd0d0) 
thrown [./open/src/hotspot/share/prims/jni.cpp, line 599]
Event: 12817.580 Thread 0x000001999ed36000 Exception <a 'sun/nio/fs/WindowsException'{0x0000000085afe458}> (0x0000000085afe458) 
thrown [./open/src/hotspot/share/prims/jni.cpp, line 599]
Event: 12817.580 Thread 0x000001999ed36000 Exception <a 'java/io/FileNotFoundException'{0x0000000085aff028}> (0x0000000085aff028) 
thrown [./open/src/hotspot/share/prims/jni.cpp, line 599]
Event: 12817.580 Thread 0x000001999ed36000 Exception <a 'sun/nio/fs/WindowsException'{0x0000000085900410}> (0x0000000085900410) 
thrown [./open/src/hotspot/share/prims/jni.cpp, line 599]
Event: 12817.581 Thread 0x000001999ed36000 Exception <a 'java/io/FileNotFoundException'{0x0000000085901268}> (0x0000000085901268) 
thrown [./open/src/hotspot/share/prims/jni.cpp, line 599]
Event: 12817.581 Thread 0x000001999ed36000 Exception <a 'sun/nio/fs/WindowsException'{0x00000000859023c8}> (0x00000000859023c8) 
thrown [./open/src/hotspot/share/prims/jni.cpp, line 599]
Event: 12817.581 Thread 0x000001999ed36000 Exception <a 'java/io/FileNotFoundException'{0x0000000085902f98}> (0x0000000085902f98) 
thrown [./open/src/hotspot/share/prims/jni.cpp, line 599]
Event: 12817.581 Thread 0x000001999ed36000 Exception <a 'sun/nio/fs/WindowsException'{0x0000000085904130}> (0x0000000085904130) 
thrown [./open/src/hotspot/share/prims/jni.cpp, line 599]
Event: 12817.581 Thread 0x000001999ed36000 Exception <a 'java/io/FileNotFoundException'{0x0000000085904d00}> (0x0000000085904d00) 
thrown [./open/src/hotspot/share/prims/jni.cpp, line 599]
Event: 12817.581 Thread 0x000001999ed36000 Exception <a 'sun/nio/fs/WindowsException'{0x0000000085905b48}> (0x0000000085905b48) 
thrown [./open/src/hotspot/share/prims/jni.cpp, line 599]

Events (20 events):
Event: 12807.078 loading class java/io/EOFException
Event: 12807.078 loading class java/io/EOFException done
Event: 12807.250 loading class jdk/internal/reflect/GeneratedMethodAccessor90
Event: 12807.250 loading class jdk/internal/reflect/GeneratedMethodAccessor90 done
Event: 12807.252 loading class jdk/internal/reflect/GeneratedMethodAccessor90
Event: 12807.252 loading class jdk/internal/reflect/GeneratedMethodAccessor90 done
Event: 12807.252 loading class jdk/internal/reflect/GeneratedMethodAccessor89
Event: 12807.252 loading class jdk/internal/reflect/GeneratedMethodAccessor89 done
Event: 12807.253 loading class jdk/internal/reflect/GeneratedMethodAccessor89
Event: 12807.253 loading class jdk/internal/reflect/GeneratedMethodAccessor89 done
Event: 12818.670 loading class jdk/internal/reflect/GeneratedMethodAccessor90
Event: 12818.670 loading class jdk/internal/reflect/GeneratedMethodAccessor90 done
Event: 12818.671 loading class jdk/internal/reflect/GeneratedMethodAccessor90
Event: 12818.671 loading class jdk/internal/reflect/GeneratedMethodAccessor90 done
Event: 12818.671 loading class jdk/internal/reflect/GeneratedMethodAccessor89
Event: 12818.671 loading class jdk/internal/reflect/GeneratedMethodAccessor89 done
Event: 12818.671 loading class jdk/internal/reflect/GeneratedMethodAccessor89
Event: 12818.671 loading class jdk/internal/reflect/GeneratedMethodAccessor89 done
Event: 46254.512 Executing VM operation: BulkRevokeBias
Event: 46254.512 Executing VM operation: BulkRevokeBias done


Dynamic libraries:
0x00007ff61ff80000 - 0x00007ff61ff8f000 	C:\Program Files\Java\jdk-14.0.2\bin\javaw.exe
0x00007ffb51510000 - 0x00007ffb51705000 	C:\Windows\SYSTEM32\ntdll.dll
0x00007ffb4f6e0000 - 0x00007ffb4f79d000 	C:\Windows\System32\KERNEL32.DLL
0x00007ffb4ede0000 - 0x00007ffb4f0a7000 	C:\Windows\System32\KERNELBASE.dll
0x00007ffb4f2f0000 - 0x00007ffb4f3f0000 	C:\Windows\System32\ucrtbase.dll
0x00007ffb4a640000 - 0x00007ffb4a658000 	C:\Program Files\Java\jdk-14.0.2\bin\jli.dll
0x00007ffb50d40000 - 0x00007ffb50dea000 	C:\Windows\System32\ADVAPI32.dll
0x00007ffb4f640000 - 0x00007ffb4f6de000 	C:\Windows\System32\msvcrt.dll
0x00007ffb509b0000 - 0x00007ffb50a4b000 	C:\Windows\System32\sechost.dll
0x00007ffb4a730000 - 0x00007ffb4a745000 	C:\Program Files\Java\jdk-14.0.2\bin\VCRUNTIME140.dll
0x00007ffb4fa70000 - 0x00007ffb4fb93000 	C:\Windows\System32\RPCRT4.dll
0x00007ffb50f60000 - 0x00007ffb51100000 	C:\Windows\System32\USER32.dll
0x00007ffb4f440000 - 0x00007ffb4f462000 	C:\Windows\System32\win32u.dll
0x00007ffb508a0000 - 0x00007ffb508ca000 	C:\Windows\System32\GDI32.dll
0x00007ffb3dce0000 - 0x00007ffb3df7a000 	C:\Windows\WinSxS\amd64_microsoft.windows.common-controls_6595b64144ccf1df_6.0.19041.1_none_b555e41d4684ddec\COMCTL32.dll
0x00007ffb4f470000 - 0x00007ffb4f57a000 	C:\Windows\System32\gdi32full.dll
0x00007ffb4ec60000 - 0x00007ffb4ecfd000 	C:\Windows\System32\msvcp_win.dll
0x00007ffb4c290000 - 0x00007ffb4c29a000 	C:\Windows\SYSTEM32\VERSION.dll
0x00007ffb4f8c0000 - 0x00007ffb4f8f0000 	C:\Windows\System32\IMM32.DLL
0x00007ffb30250000 - 0x00007ffb302eb000 	C:\Program Files\Java\jdk-14.0.2\bin\msvcp140.dll
0x00007ffb0a4a0000 - 0x00007ffb0afbe000 	C:\Program Files\Java\jdk-14.0.2\bin\server\jvm.dll
0x00007ffb50e10000 - 0x00007ffb50e18000 	C:\Windows\System32\PSAPI.DLL
0x00007ffb41550000 - 0x00007ffb41577000 	C:\Windows\SYSTEM32\WINMM.dll
0x00007ffb28610000 - 0x00007ffb28619000 	C:\Windows\SYSTEM32\WSOCK32.dll
0x00007ffb51100000 - 0x00007ffb5116b000 	C:\Windows\System32\WS2_32.dll
0x00007ffb4cba0000 - 0x00007ffb4cbb3000 	C:\Windows\SYSTEM32\kernel.appcore.dll
0x00007ffb4a5f0000 - 0x00007ffb4a5fa000 	C:\Program Files\Java\jdk-14.0.2\bin\jimage.dll
0x00007ffb33f20000 - 0x00007ffb34104000 	C:\Windows\SYSTEM32\DBGHELP.DLL
0x00007ffb34a60000 - 0x00007ffb34a8c000 	C:\Windows\SYSTEM32\dbgcore.DLL
0x00007ffb4ed60000 - 0x00007ffb4eddf000 	C:\Windows\System32\bcryptPrimitives.dll
0x00007ffb41150000 - 0x00007ffb41175000 	C:\Program Files\Java\jdk-14.0.2\bin\java.dll
0x00007ffb4a570000 - 0x00007ffb4a586000 	C:\Program Files\Java\jdk-14.0.2\bin\zip.dll
0x00007ffb500a0000 - 0x00007ffb507e0000 	C:\Windows\System32\SHELL32.dll
0x00007ffb4cda0000 - 0x00007ffb4d531000 	C:\Windows\SYSTEM32\windows.storage.dll
0x00007ffb51170000 - 0x00007ffb514c3000 	C:\Windows\System32\combase.dll
0x00007ffb4e6e0000 - 0x00007ffb4e70c000 	C:\Windows\SYSTEM32\Wldp.dll
0x00007ffb4f8f0000 - 0x00007ffb4f99e000 	C:\Windows\System32\SHCORE.dll
0x00007ffb4f580000 - 0x00007ffb4f5d5000 	C:\Windows\System32\shlwapi.dll
0x00007ffb4eba0000 - 0x00007ffb4ebbf000 	C:\Windows\SYSTEM32\profapi.dll
0x00007ffb49290000 - 0x00007ffb492a9000 	C:\Program Files\Java\jdk-14.0.2\bin\net.dll
0x00007ffb40cd0000 - 0x00007ffb40dd0000 	C:\Windows\SYSTEM32\WINHTTP.dll
0x00007ffb4e400000 - 0x00007ffb4e46a000 	C:\Windows\system32\mswsock.dll
0x00007ffb47100000 - 0x00007ffb47112000 	C:\Program Files\Java\jdk-14.0.2\bin\nio.dll
0x00007ffb4a5d0000 - 0x00007ffb4a5d9000 	C:\Program Files\Java\jdk-14.0.2\bin\management.dll
0x00007ffb48230000 - 0x00007ffb4823b000 	C:\Program Files\Java\jdk-14.0.2\bin\management_ext.dll
0x00007ffb2e860000 - 0x00007ffb2e877000 	C:\Windows\system32\napinsp.dll
0x00007ffb2e840000 - 0x00007ffb2e85b000 	C:\Windows\system32\pnrpnsp.dll
0x00007ffb2e820000 - 0x00007ffb2e835000 	C:\Windows\system32\wshbth.dll
0x00007ffb4a500000 - 0x00007ffb4a51d000 	C:\Windows\system32\NLAapi.dll
0x00007ffb4e0c0000 - 0x00007ffb4e0fb000 	C:\Windows\SYSTEM32\IPHLPAPI.DLL
0x00007ffb4e160000 - 0x00007ffb4e22a000 	C:\Windows\SYSTEM32\DNSAPI.dll
0x00007ffb507e0000 - 0x00007ffb507e9000 	C:\Windows\System32\NSI.dll
0x00007ffb2e800000 - 0x00007ffb2e812000 	C:\Windows\System32\winrnr.dll
0x00007ffb40b70000 - 0x00007ffb40b7a000 	C:\Windows\System32\rasadhlp.dll
0x00007ffb40c50000 - 0x00007ffb40ccf000 	C:\Windows\System32\fwpuclnt.dll
0x00007ffb4f210000 - 0x00007ffb4f237000 	C:\Windows\System32\bcrypt.dll
0x00007ffb4e620000 - 0x00007ffb4e638000 	C:\Windows\SYSTEM32\CRYPTSP.dll
0x00007ffb4dd40000 - 0x00007ffb4dd74000 	C:\Windows\system32\rsaenh.dll
0x00007ffb4eb20000 - 0x00007ffb4eb4e000 	C:\Windows\SYSTEM32\USERENV.dll
0x00007ffb4e580000 - 0x00007ffb4e58c000 	C:\Windows\SYSTEM32\CRYPTBASE.dll
0x00007ffb40bc0000 - 0x00007ffb40bd7000 	C:\Windows\SYSTEM32\dhcpcsvc6.DLL
0x00007ffb40ba0000 - 0x00007ffb40bbd000 	C:\Windows\SYSTEM32\dhcpcsvc.DLL
0x00007ffb49d70000 - 0x00007ffb49d7e000 	C:\Program Files\Java\jdk-14.0.2\bin\sunmscapi.dll
0x00007ffb4f0b0000 - 0x00007ffb4f20d000 	C:\Windows\System32\CRYPT32.dll
0x00007ffb4e750000 - 0x00007ffb4e777000 	C:\Windows\SYSTEM32\ncrypt.dll
0x00007ffb4e710000 - 0x00007ffb4e74b000 	C:\Windows\SYSTEM32\NTASN1.dll
0x00007ffb4a610000 - 0x00007ffb4a635000 	C:\Program Files\Java\jdk-14.0.2\bin\sunec.dll

dbghelp: loaded successfully - version: 4.0.5 - missing functions: none
symbol engine: initialized successfully - sym options: 0x614 - pdb path: .;C:\Program Files\Java\jdk-14.0.2\bin;C:\Windows\SYSTEM32;C:\Windows\WinSxS\amd64_microsoft.windows.common-controls_6595b64144ccf1df_6.0.19041.1_none_b555e41d4684ddec;C:\Program Files\Java\jdk-14.0.2\bin\server

VM Arguments:
jvm_args: -Dcom.sun.management.jmxremote -Dcom.sun.management.jmxremote.port=57720 -Dcom.sun.management.jmxremote.authenticate=false -Dcom.sun.management.jmxremote.ssl=false -Djava.rmi.server.hostname=localhost -Dspring.jmx.enabled=true -Dspring.application.admin.enabled=true -Xverify:none -XX:TieredStopAtLevel=1 -Dspring.boot.project.name=ConfigServer -Dfile.encoding=UTF-8 
java_command: com.stockchart.ConfigServerApplication
java_class_path (initial): C:\Users\Sooraj\Documents\StockChart\ConfigServer\target\classes;C:\Users\Sooraj\.m2\repository\org\springframework\cloud\spring-cloud-config-server\2.2.4.RELEASE\spring-cloud-config-server-2.2.4.RELEASE.jar;C:\Users\Sooraj\.m2\repository\org\springframework\cloud\spring-cloud-config-client\2.2.4.RELEASE\spring-cloud-config-client-2.2.4.RELEASE.jar;C:\Users\Sooraj\.m2\repository\org\springframework\cloud\spring-cloud-commons\2.2.4.RELEASE\spring-cloud-commons-2.2.4.RELEASE.jar;C:\Users\Sooraj\.m2\repository\org\springframework\cloud\spring-cloud-context\2.2.4.RELEASE\spring-cloud-context-2.2.4.RELEASE.jar;C:\Users\Sooraj\.m2\repository\org\springframework\spring-web\5.2.8.RELEASE\spring-web-5.2.8.RELEASE.jar;C:\Users\Sooraj\.m2\repository\org\springframework\spring-beans\5.2.8.RELEASE\spring-beans-5.2.8.RELEASE.jar;C:\Users\Sooraj\.m2\repository\com\fasterxml\jackson\core\jackson-annotations\2.11.2\jackson-annotations-2.11.2.jar;C:\Users\Sooraj\.m2\repository\com\fasterxml\jackson\core\jackson-databind\2.11.2\jackson-databind-2.11.2.jar;C:\Users\Sooraj\.m2\repository\org\springframework\boot\spring-boot-starter-actuator\2.3.3.RELEASE\spring-boot-starter-actuator-2.3.3.RELEASE.jar;C:\Users\Sooraj\.m2\repository\org\springframework\boot\spring-boot-actuator-autoconfigure\2.3.3.RELEASE\spring-boot-actuator-autoconfigure-2.3.3.RELEASE.jar;C:\Users\Sooraj\.m2\repository\org\springframework\boot\spring-boot-actuator\2.3.3.RELEASE\spring-boot-actuator-2.3.3.RELEASE.jar;C:\Users\Sooraj\.m2\repository\com\fasterxml\jackson\datatype\jackson-datatype-jsr310\2.11.2\jackson-datatype-jsr310-2.11.2.jar;C:\Users\Sooraj\.m2\repository\io\micrometer\micrometer-core\1.5.4\micrometer-core-1.5.4.jar;C:\Users\Sooraj\.m2\repository\org\hdrhistogram\HdrHistogram\2.1.12\HdrHistogram-2.1.12.jar;C:\Users\Sooraj\.m2\repository\org\latencyutils\LatencyUtils\2.0.3\LatencyUtils-2.0.3.jar;C:\Users\Sooraj\.m2\repository\org\springframework\boot\spring-boot-starter-web\2
Launcher Type: SUN_STANDARD

[Global flags]
     intx CICompilerCount                          = 3                                         {product} {ergonomic}
     uint ConcGCThreads                            = 1                                         {product} {ergonomic}
     uint G1ConcRefinementThreads                  = 4                                         {product} {ergonomic}
   size_t G1HeapRegionSize                         = 1048576                                   {product} {ergonomic}
    uintx GCDrainStackTargetSize                   = 64                                        {product} {ergonomic}
   size_t InitialHeapSize                          = 132120576                                 {product} {ergonomic}
     bool ManagementServer                         = true                                      {product} {command line}
   size_t MarkStackSize                            = 4194304                                   {product} {ergonomic}
   size_t MaxHeapSize                              = 2107637760                                {product} {ergonomic}
   size_t MaxNewSize                               = 1264582656                                {product} {ergonomic}
   size_t MinHeapDeltaBytes                        = 1048576                                   {product} {ergonomic}
   size_t MinHeapSize                              = 8388608                                   {product} {ergonomic}
    uintx NonNMethodCodeHeapSize                   = 6973028                                {pd product} {ergonomic}
    uintx NonProfiledCodeHeapSize                  = 244685212                              {pd product} {ergonomic}
    uintx ProfiledCodeHeapSize                     = 0                                      {pd product} {ergonomic}
    uintx ReservedCodeCacheSize                    = 251658240                              {pd product} {ergonomic}
     bool SegmentedCodeCache                       = true                                      {product} {ergonomic}
   size_t SoftMaxHeapSize                          = 2107637760                             {manageable} {ergonomic}
     intx TieredStopAtLevel                        = 1                                         {product} {command line}
     bool UseCompressedClassPointers               = true                                 {lp64_product} {ergonomic}
     bool UseCompressedOops                        = true                                 {lp64_product} {ergonomic}
     bool UseG1GC                                  = true                                      {product} {ergonomic}
     bool UseLargePagesIndividualAllocation        = false                                  {pd product} {ergonomic}

Logging:
Log output configuration:
 #0: stdout all=warning uptime,level,tags
 #1: stderr all=off uptime,level,tags

Environment Variables:
PATH=C:/Program Files/Java/jre1.8.0_261/bin/server;C:/Program Files/Java/jre1.8.0_261/bin;C:/Program Files/Java/jre1.8.0_261/lib/amd64;C:\Program Files\Common Files\Oracle\Java\javapath;C:\Program Files (x86)\Common Files\Oracle\Java\javapath;C:\Python38\Scripts\;C:\Python38\;C:\Windows\system32;C:\Windows;C:\Windows\System32\Wbem;C:\Windows\System32\WindowsPowerShell\v1.0\;C:\Windows\System32\OpenSSH\;C:\Program Files\Docker\Docker\resources\bin;C:\ProgramData\DockerDesktop\version-bin;C:\Program Files\Git\cmd;C:\ProgramData\chocolatey\bin;C:\Program Files\Microsoft VS Code\bin;C:\Program Files\MongoDB\Server\4.4\bin;C:\Users\Sooraj\AppData\Roaming\npm\node_modules\@angular\cli\bin;C:\Program Files\nodejs\;C:\Program Files\Java\jdk-14.0.2\bin;C:\Users\Sooraj\AppData\Roaming\npm;C:\Users\Sooraj\eclipse\java-2020-06\eclipse;
USERNAME=Sooraj
OS=Windows_NT
PROCESSOR_IDENTIFIER=Intel64 Family 6 Model 142 Stepping 9, GenuineIntel



---------------  S Y S T E M  ---------------

OS: Windows 10 , 64 bit Build 19041 (10.0.19041.292)
OS uptime: 1 days 18:14 hours
HyperV virtualization detected

CPU:total 4 (initial active 4) (2 cores per cpu, 2 threads per core) family 6 model 142 stepping 9, cmov, cx8, fxsr, mmx, sse, sse2, sse3, ssse3, sse4.1, sse4.2, popcnt, avx, avx2, aes, clmul, erms, 3dnowpref, lzcnt, ht, tsc, tscinvbit, bmi1, bmi2, adx, fma

Memory: 4k page, system-wide physical 8035M (2065M free)
TotalPageFile size 12447M (AvailPageFile size 3153M)
current process WorkingSet (physical memory assigned to process): 190M, peak: 191M
current process commit charge ("private bytes"): 229M, peak: 263M

vm_info: Java HotSpot(TM) 64-Bit Server VM (14.0.2+12-46) for windows-amd64 JRE (14.0.2+12-46), built on Jul  9 2020 00:35:52 by "mach5one" with MS VC++ 15.9 (VS2017)

END.
